<?xml version="1.0" encoding="UTF-8"?>
<!-- Generated by org.testng.reporters.JUnitReportReporter -->
<testsuite hostname="DESKTOP-9916EGJ" failures="0" tests="1" name="testNG.TestNGEx2" time="0.005" errors="0" timestamp="02 Jun 2024 11:22:39 GMT" skipped="0">
  <testcase classname="testNG.TestNGEx2" name="testMethod" time="0.005"/>
</testsuite> <!-- testNG.TestNGEx2 -->
