<?xml version="1.0" encoding="UTF-8"?>
<!-- Generated by org.testng.reporters.JUnitReportReporter -->
<testsuite hostname="DESKTOP-9916EGJ" failures="0" tests="1" name="testNG.TestNGEx3" time="32.152" errors="0" timestamp="02 Jun 2024 11:22:39 GMT" skipped="0">
  <testcase classname="testNG.TestNGEx3" name="ncLogin" time="32.152"/>
</testsuite> <!-- testNG.TestNGEx3 -->
