<?xml version="1.0" encoding="UTF-8"?>
<!-- Generated by org.testng.reporters.JUnitReportReporter -->
<testsuite hostname="DESKTOP-9916EGJ" failures="0" tests="1" name="testNG.TestNGEx1" time="0.003" errors="0" timestamp="02 Jun 2024 11:22:39 GMT" skipped="0">
  <testcase classname="testNG.TestNGEx1" name="method1" time="0.003"/>
</testsuite> <!-- testNG.TestNGEx1 -->
